2020-05-19 16:36:02.998  INFO 16684 --- [restartedMain] com.xa.TranhTheuVietNamApplication       : Starting TranhTheuVietNamApplication on DESKTOP-3TU3L6U with PID 16684 (C:\Users\anhnx\Downloads\TranhTheuVietNam\TranhTheuVietNam\target\classes started by anhnx in C:\Users\anhnx\Downloads\TranhTheuVietNam\TranhTheuVietNam)
2020-05-19 16:36:03.001  INFO 16684 --- [restartedMain] com.xa.TranhTheuVietNamApplication       : No active profile set, falling back to default profiles: default
2020-05-19 16:36:03.045  INFO 16684 --- [restartedMain] o.s.b.devtools.restart.ChangeableUrls    : The Class-Path manifest attribute in C:\Users\anhnx\.m2\repository\org\glassfish\jaxb\jaxb-runtime\2.3.2\jaxb-runtime-2.3.2.jar referenced one or more files that do not exist: file:/C:/Users/anhnx/.m2/repository/org/glassfish/jaxb/jaxb-runtime/2.3.2/jakarta.xml.bind-api-2.3.2.jar,file:/C:/Users/anhnx/.m2/repository/org/glassfish/jaxb/jaxb-runtime/2.3.2/txw2-2.3.2.jar,file:/C:/Users/anhnx/.m2/repository/org/glassfish/jaxb/jaxb-runtime/2.3.2/istack-commons-runtime-3.0.8.jar,file:/C:/Users/anhnx/.m2/repository/org/glassfish/jaxb/jaxb-runtime/2.3.2/stax-ex-1.8.1.jar,file:/C:/Users/anhnx/.m2/repository/org/glassfish/jaxb/jaxb-runtime/2.3.2/FastInfoset-1.2.16.jar,file:/C:/Users/anhnx/.m2/repository/org/glassfish/jaxb/jaxb-runtime/2.3.2/jakarta.activation-api-1.2.1.jar
2020-05-19 16:36:03.046  INFO 16684 --- [restartedMain] .e.DevToolsPropertyDefaultsPostProcessor : Devtools property defaults active! Set 'spring.devtools.add-properties' to 'false' to disable
2020-05-19 16:36:03.046  INFO 16684 --- [restartedMain] .e.DevToolsPropertyDefaultsPostProcessor : For additional web related logging consider setting the 'logging.level.web' property to 'DEBUG'
2020-05-19 16:36:03.429  INFO 16684 --- [restartedMain] .s.d.r.c.RepositoryConfigurationDelegate : Bootstrapping Spring Data JPA repositories in DEFAULT mode.
2020-05-19 16:36:03.509  INFO 16684 --- [restartedMain] .s.d.r.c.RepositoryConfigurationDelegate : Finished Spring Data repository scanning in 73ms. Found 4 JPA repository interfaces.
2020-05-19 16:36:04.229  INFO 16684 --- [restartedMain] o.s.b.w.embedded.tomcat.TomcatWebServer  : Tomcat initialized with port(s): 9998 (http)
2020-05-19 16:36:04.236  INFO 16684 --- [restartedMain] o.apache.catalina.core.StandardService   : Starting service [Tomcat]
2020-05-19 16:36:04.236  INFO 16684 --- [restartedMain] org.apache.catalina.core.StandardEngine  : Starting Servlet engine: [Apache Tomcat/9.0.33]
2020-05-19 16:36:04.560  INFO 16684 --- [restartedMain] org.apache.jasper.servlet.TldScanner     : At least one JAR was scanned for TLDs yet contained no TLDs. Enable debug logging for this logger for a complete list of JARs that were scanned but no TLDs were found in them. Skipping unneeded JARs during scanning can improve startup time and JSP compilation time.
2020-05-19 16:36:04.564  INFO 16684 --- [restartedMain] o.a.c.c.C.[Tomcat].[localhost].[/]       : Initializing Spring embedded WebApplicationContext
2020-05-19 16:36:04.564  INFO 16684 --- [restartedMain] o.s.web.context.ContextLoader            : Root WebApplicationContext: initialization completed in 1517 ms
2020-05-19 16:36:04.667  INFO 16684 --- [restartedMain] o.hibernate.jpa.internal.util.LogHelper  : HHH000204: Processing PersistenceUnitInfo [name: default]
2020-05-19 16:36:04.713  INFO 16684 --- [restartedMain] org.hibernate.Version                    : HHH000412: Hibernate ORM core version 5.4.12.Final
2020-05-19 16:36:04.852  INFO 16684 --- [restartedMain] o.hibernate.annotations.common.Version   : HCANN000001: Hibernate Commons Annotations {5.1.0.Final}
2020-05-19 16:36:04.920  INFO 16684 --- [restartedMain] com.zaxxer.hikari.HikariDataSource       : HikariPool-1 - Starting...
2020-05-19 16:36:05.314  INFO 16684 --- [restartedMain] com.zaxxer.hikari.HikariDataSource       : HikariPool-1 - Start completed.
2020-05-19 16:36:05.322  INFO 16684 --- [restartedMain] org.hibernate.dialect.Dialect            : HHH000400: Using dialect: org.hibernate.dialect.MySQL5InnoDBDialect
2020-05-19 16:36:05.839  INFO 16684 --- [restartedMain] o.h.e.t.j.p.i.JtaPlatformInitiator       : HHH000490: Using JtaPlatform implementation: [org.hibernate.engine.transaction.jta.platform.internal.NoJtaPlatform]
2020-05-19 16:36:05.845  INFO 16684 --- [restartedMain] j.LocalContainerEntityManagerFactoryBean : Initialized JPA EntityManagerFactory for persistence unit 'default'
2020-05-19 16:36:06.127  WARN 16684 --- [restartedMain] JpaBaseConfiguration$JpaWebConfiguration : spring.jpa.open-in-view is enabled by default. Therefore, database queries may be performed during view rendering. Explicitly configure spring.jpa.open-in-view to disable this warning
2020-05-19 16:36:06.340  INFO 16684 --- [restartedMain] o.s.b.d.a.OptionalLiveReloadServer       : LiveReload server is running on port 35729
2020-05-19 16:36:06.369  INFO 16684 --- [restartedMain] o.s.b.w.embedded.tomcat.TomcatWebServer  : Tomcat started on port(s): 9998 (http) with context path ''
2020-05-19 16:36:06.372  INFO 16684 --- [restartedMain] com.xa.TranhTheuVietNamApplication       : Started TranhTheuVietNamApplication in 3.667 seconds (JVM running for 4.06)
2020-05-19 16:36:13.915  INFO 16684 --- [http-nio-9998-exec-1] o.a.c.c.C.[Tomcat].[localhost].[/]       : Initializing Spring DispatcherServlet 'dispatcherServlet'
2020-05-19 16:36:13.916  INFO 16684 --- [http-nio-9998-exec-1] o.s.web.servlet.DispatcherServlet        : Initializing Servlet 'dispatcherServlet'
2020-05-19 16:36:13.920  INFO 16684 --- [http-nio-9998-exec-1] o.s.web.servlet.DispatcherServlet        : Completed initialization in 4 ms
2020-05-19 16:36:14.035 DEBUG 16684 --- [http-nio-9998-exec-1] org.hibernate.SQL                        : select categories0_.id as id1_0_, categories0_.created_date as created_2_0_, categories0_.name as name3_0_, categories0_.removed_flag as removed_4_0_, categories0_.updated_date as updated_5_0_ from categories categories0_
2020-05-19 16:36:17.896 DEBUG 16684 --- [http-nio-9998-exec-5] org.hibernate.SQL                        : select count(products0_.id) as col_0_0_ from products products0_ where products0_.category_id=?
2020-05-19 16:36:17.900 TRACE 16684 --- [http-nio-9998-exec-5] o.h.type.descriptor.sql.BasicBinder      : binding parameter [1] as [INTEGER] - [1]
2020-05-19 16:36:17.904 DEBUG 16684 --- [http-nio-9998-exec-5] org.hibernate.SQL                        : select products0_.id as id1_7_, products0_.category_id as category2_7_, products0_.created_date as created_3_7_, products0_.description as descript4_7_, products0_.name as name5_7_, products0_.removed_flag as removed_6_7_, products0_.updated_date as updated_7_7_ from products products0_ where products0_.category_id=? limit ?
2020-05-19 16:36:17.904 TRACE 16684 --- [http-nio-9998-exec-5] o.h.type.descriptor.sql.BasicBinder      : binding parameter [1] as [INTEGER] - [1]
2020-05-19 16:36:17.908 DEBUG 16684 --- [http-nio-9998-exec-5] org.hibernate.SQL                        : select categories0_.id as id1_0_0_, categories0_.created_date as created_2_0_0_, categories0_.name as name3_0_0_, categories0_.removed_flag as removed_4_0_0_, categories0_.updated_date as updated_5_0_0_ from categories categories0_ where categories0_.id=?
2020-05-19 16:36:17.908 TRACE 16684 --- [http-nio-9998-exec-5] o.h.type.descriptor.sql.BasicBinder      : binding parameter [1] as [INTEGER] - [1]
2020-05-19 16:36:17.919 DEBUG 16684 --- [http-nio-9998-exec-5] org.hibernate.SQL                        : select productsto0_.product_id as product_5_6_0_, productsto0_.id as id1_6_0_, productsto0_.id as id1_6_1_, productsto0_.color_id as color_id2_6_1_, productsto0_.discount as discount3_6_1_, productsto0_.price as price4_6_1_, productsto0_.product_id as product_5_6_1_, productsto0_.size_id as size_id7_6_1_, productsto0_.quantity as quantity6_6_1_, productsto0_.sold as sold8_6_1_, productcol1_.id as id1_3_2_, productcol1_.created_date as created_2_3_2_, productcol1_.name as name3_3_2_, productcol1_.removed_flag as removed_4_3_2_, productcol1_.updated_date as updated_5_3_2_, productsiz2_.id as id1_5_3_, productsiz2_.created_date as created_2_5_3_, productsiz2_.name as name3_5_3_, productsiz2_.removed_flag as removed_4_5_3_, productsiz2_.updated_date as updated_5_5_3_ from product_storage productsto0_ left outer join product_color productcol1_ on productsto0_.color_id=productcol1_.id left outer join product_size productsiz2_ on productsto0_.size_id=productsiz2_.id where productsto0_.product_id=?
2020-05-19 16:36:17.919 TRACE 16684 --- [http-nio-9998-exec-5] o.h.type.descriptor.sql.BasicBinder      : binding parameter [1] as [INTEGER] - [1]
2020-05-19 16:36:17.923 DEBUG 16684 --- [http-nio-9998-exec-5] org.hibernate.SQL                        : select productsto0_.product_id as product_5_6_0_, productsto0_.id as id1_6_0_, productsto0_.id as id1_6_1_, productsto0_.color_id as color_id2_6_1_, productsto0_.discount as discount3_6_1_, productsto0_.price as price4_6_1_, productsto0_.product_id as product_5_6_1_, productsto0_.size_id as size_id7_6_1_, productsto0_.quantity as quantity6_6_1_, productsto0_.sold as sold8_6_1_, productcol1_.id as id1_3_2_, productcol1_.created_date as created_2_3_2_, productcol1_.name as name3_3_2_, productcol1_.removed_flag as removed_4_3_2_, productcol1_.updated_date as updated_5_3_2_, productsiz2_.id as id1_5_3_, productsiz2_.created_date as created_2_5_3_, productsiz2_.name as name3_5_3_, productsiz2_.removed_flag as removed_4_5_3_, productsiz2_.updated_date as updated_5_5_3_ from product_storage productsto0_ left outer join product_color productcol1_ on productsto0_.color_id=productcol1_.id left outer join product_size productsiz2_ on productsto0_.size_id=productsiz2_.id where productsto0_.product_id=?
2020-05-19 16:36:17.924 TRACE 16684 --- [http-nio-9998-exec-5] o.h.type.descriptor.sql.BasicBinder      : binding parameter [1] as [INTEGER] - [3]
2020-05-19 16:36:18.045 DEBUG 16684 --- [http-nio-9998-exec-5] org.hibernate.SQL                        : select productima0_.product_id as product_3_4_0_, productima0_.id as id1_4_0_, productima0_.id as id1_4_1_, productima0_.name as name2_4_1_, productima0_.product_id as product_3_4_1_, productima0_.uploaded_date as uploaded4_4_1_ from product_image productima0_ where productima0_.product_id=?
2020-05-19 16:36:18.045 TRACE 16684 --- [http-nio-9998-exec-5] o.h.type.descriptor.sql.BasicBinder      : binding parameter [1] as [INTEGER] - [1]
2020-05-19 16:36:18.057 DEBUG 16684 --- [http-nio-9998-exec-5] org.hibernate.SQL                        : select productima0_.product_id as product_3_4_0_, productima0_.id as id1_4_0_, productima0_.id as id1_4_1_, productima0_.name as name2_4_1_, productima0_.product_id as product_3_4_1_, productima0_.uploaded_date as uploaded4_4_1_ from product_image productima0_ where productima0_.product_id=?
2020-05-19 16:36:18.058 TRACE 16684 --- [http-nio-9998-exec-5] o.h.type.descriptor.sql.BasicBinder      : binding parameter [1] as [INTEGER] - [3]
2020-05-19 16:36:25.852 DEBUG 16684 --- [http-nio-9998-exec-3] org.hibernate.SQL                        : select productsto0_.id as id1_6_, productsto0_.color_id as color_id2_6_, productsto0_.discount as discount3_6_, productsto0_.price as price4_6_, productsto0_.product_id as product_5_6_, productsto0_.size_id as size_id7_6_, productsto0_.quantity as quantity6_6_, productsto0_.sold as sold8_6_ from product_storage productsto0_ where productsto0_.product_id=? and productsto0_.color_id=? and productsto0_.size_id=?
2020-05-19 16:36:25.853 TRACE 16684 --- [http-nio-9998-exec-3] o.h.type.descriptor.sql.BasicBinder      : binding parameter [1] as [INTEGER] - [3]
2020-05-19 16:36:25.853 TRACE 16684 --- [http-nio-9998-exec-3] o.h.type.descriptor.sql.BasicBinder      : binding parameter [2] as [INTEGER] - [2]
2020-05-19 16:36:25.853 TRACE 16684 --- [http-nio-9998-exec-3] o.h.type.descriptor.sql.BasicBinder      : binding parameter [3] as [INTEGER] - [1]
2020-05-19 16:36:25.854 DEBUG 16684 --- [http-nio-9998-exec-3] org.hibernate.SQL                        : select productcol0_.id as id1_3_0_, productcol0_.created_date as created_2_3_0_, productcol0_.name as name3_3_0_, productcol0_.removed_flag as removed_4_3_0_, productcol0_.updated_date as updated_5_3_0_ from product_color productcol0_ where productcol0_.id=?
2020-05-19 16:36:25.855 TRACE 16684 --- [http-nio-9998-exec-3] o.h.type.descriptor.sql.BasicBinder      : binding parameter [1] as [INTEGER] - [2]
2020-05-19 16:36:25.856 DEBUG 16684 --- [http-nio-9998-exec-3] org.hibernate.SQL                        : select productsiz0_.id as id1_5_0_, productsiz0_.created_date as created_2_5_0_, productsiz0_.name as name3_5_0_, productsiz0_.removed_flag as removed_4_5_0_, productsiz0_.updated_date as updated_5_5_0_ from product_size productsiz0_ where productsiz0_.id=?
2020-05-19 16:36:25.856 TRACE 16684 --- [http-nio-9998-exec-3] o.h.type.descriptor.sql.BasicBinder      : binding parameter [1] as [INTEGER] - [1]
2020-05-19 16:36:25.859 DEBUG 16684 --- [http-nio-9998-exec-3] org.hibernate.SQL                        : select products0_.id as id1_7_0_, products0_.category_id as category2_7_0_, products0_.created_date as created_3_7_0_, products0_.description as descript4_7_0_, products0_.name as name5_7_0_, products0_.removed_flag as removed_6_7_0_, products0_.updated_date as updated_7_7_0_, categories1_.id as id1_0_1_, categories1_.created_date as created_2_0_1_, categories1_.name as name3_0_1_, categories1_.removed_flag as removed_4_0_1_, categories1_.updated_date as updated_5_0_1_ from products products0_ left outer join categories categories1_ on products0_.category_id=categories1_.id where products0_.id=?
2020-05-19 16:36:25.859 TRACE 16684 --- [http-nio-9998-exec-3] o.h.type.descriptor.sql.BasicBinder      : binding parameter [1] as [INTEGER] - [3]
2020-05-19 16:36:25.861 DEBUG 16684 --- [http-nio-9998-exec-3] org.hibernate.SQL                        : select productima0_.product_id as product_3_4_0_, productima0_.id as id1_4_0_, productima0_.id as id1_4_1_, productima0_.name as name2_4_1_, productima0_.product_id as product_3_4_1_, productima0_.uploaded_date as uploaded4_4_1_ from product_image productima0_ where productima0_.product_id=?
2020-05-19 16:36:25.862 TRACE 16684 --- [http-nio-9998-exec-3] o.h.type.descriptor.sql.BasicBinder      : binding parameter [1] as [INTEGER] - [3]
2020-05-19 16:36:25.896 DEBUG 16684 --- [http-nio-9998-exec-8] org.hibernate.SQL                        : select count(products0_.id) as col_0_0_ from products products0_ where products0_.category_id=?
2020-05-19 16:36:25.897 TRACE 16684 --- [http-nio-9998-exec-8] o.h.type.descriptor.sql.BasicBinder      : binding parameter [1] as [INTEGER] - [1]
2020-05-19 16:36:25.898 DEBUG 16684 --- [http-nio-9998-exec-8] org.hibernate.SQL                        : select products0_.id as id1_7_, products0_.category_id as category2_7_, products0_.created_date as created_3_7_, products0_.description as descript4_7_, products0_.name as name5_7_, products0_.removed_flag as removed_6_7_, products0_.updated_date as updated_7_7_ from products products0_ where products0_.category_id=? limit ?
2020-05-19 16:36:25.898 TRACE 16684 --- [http-nio-9998-exec-8] o.h.type.descriptor.sql.BasicBinder      : binding parameter [1] as [INTEGER] - [1]
2020-05-19 16:36:25.899 DEBUG 16684 --- [http-nio-9998-exec-8] org.hibernate.SQL                        : select categories0_.id as id1_0_0_, categories0_.created_date as created_2_0_0_, categories0_.name as name3_0_0_, categories0_.removed_flag as removed_4_0_0_, categories0_.updated_date as updated_5_0_0_ from categories categories0_ where categories0_.id=?
2020-05-19 16:36:25.899 TRACE 16684 --- [http-nio-9998-exec-8] o.h.type.descriptor.sql.BasicBinder      : binding parameter [1] as [INTEGER] - [1]
2020-05-19 16:36:25.900 DEBUG 16684 --- [http-nio-9998-exec-8] org.hibernate.SQL                        : select productsto0_.product_id as product_5_6_0_, productsto0_.id as id1_6_0_, productsto0_.id as id1_6_1_, productsto0_.color_id as color_id2_6_1_, productsto0_.discount as discount3_6_1_, productsto0_.price as price4_6_1_, productsto0_.product_id as product_5_6_1_, productsto0_.size_id as size_id7_6_1_, productsto0_.quantity as quantity6_6_1_, productsto0_.sold as sold8_6_1_, productcol1_.id as id1_3_2_, productcol1_.created_date as created_2_3_2_, productcol1_.name as name3_3_2_, productcol1_.removed_flag as removed_4_3_2_, productcol1_.updated_date as updated_5_3_2_, productsiz2_.id as id1_5_3_, productsiz2_.created_date as created_2_5_3_, productsiz2_.name as name3_5_3_, productsiz2_.removed_flag as removed_4_5_3_, productsiz2_.updated_date as updated_5_5_3_ from product_storage productsto0_ left outer join product_color productcol1_ on productsto0_.color_id=productcol1_.id left outer join product_size productsiz2_ on productsto0_.size_id=productsiz2_.id where productsto0_.product_id=?
2020-05-19 16:36:25.900 TRACE 16684 --- [http-nio-9998-exec-8] o.h.type.descriptor.sql.BasicBinder      : binding parameter [1] as [INTEGER] - [1]
2020-05-19 16:36:25.901 DEBUG 16684 --- [http-nio-9998-exec-8] org.hibernate.SQL                        : select productsto0_.product_id as product_5_6_0_, productsto0_.id as id1_6_0_, productsto0_.id as id1_6_1_, productsto0_.color_id as color_id2_6_1_, productsto0_.discount as discount3_6_1_, productsto0_.price as price4_6_1_, productsto0_.product_id as product_5_6_1_, productsto0_.size_id as size_id7_6_1_, productsto0_.quantity as quantity6_6_1_, productsto0_.sold as sold8_6_1_, productcol1_.id as id1_3_2_, productcol1_.created_date as created_2_3_2_, productcol1_.name as name3_3_2_, productcol1_.removed_flag as removed_4_3_2_, productcol1_.updated_date as updated_5_3_2_, productsiz2_.id as id1_5_3_, productsiz2_.created_date as created_2_5_3_, productsiz2_.name as name3_5_3_, productsiz2_.removed_flag as removed_4_5_3_, productsiz2_.updated_date as updated_5_5_3_ from product_storage productsto0_ left outer join product_color productcol1_ on productsto0_.color_id=productcol1_.id left outer join product_size productsiz2_ on productsto0_.size_id=productsiz2_.id where productsto0_.product_id=?
2020-05-19 16:36:25.901 TRACE 16684 --- [http-nio-9998-exec-8] o.h.type.descriptor.sql.BasicBinder      : binding parameter [1] as [INTEGER] - [3]
2020-05-19 16:36:25.921 DEBUG 16684 --- [http-nio-9998-exec-8] org.hibernate.SQL                        : select productima0_.product_id as product_3_4_0_, productima0_.id as id1_4_0_, productima0_.id as id1_4_1_, productima0_.name as name2_4_1_, productima0_.product_id as product_3_4_1_, productima0_.uploaded_date as uploaded4_4_1_ from product_image productima0_ where productima0_.product_id=?
2020-05-19 16:36:25.921 TRACE 16684 --- [http-nio-9998-exec-8] o.h.type.descriptor.sql.BasicBinder      : binding parameter [1] as [INTEGER] - [1]
2020-05-19 16:36:25.923 DEBUG 16684 --- [http-nio-9998-exec-8] org.hibernate.SQL                        : select productima0_.product_id as product_3_4_0_, productima0_.id as id1_4_0_, productima0_.id as id1_4_1_, productima0_.name as name2_4_1_, productima0_.product_id as product_3_4_1_, productima0_.uploaded_date as uploaded4_4_1_ from product_image productima0_ where productima0_.product_id=?
2020-05-19 16:36:25.923 TRACE 16684 --- [http-nio-9998-exec-8] o.h.type.descriptor.sql.BasicBinder      : binding parameter [1] as [INTEGER] - [3]
2020-05-19 16:36:25.924 DEBUG 16684 --- [http-nio-9998-exec-7] org.hibernate.SQL                        : select count(products0_.id) as col_0_0_ from products products0_ where products0_.category_id=?
2020-05-19 16:36:25.924 TRACE 16684 --- [http-nio-9998-exec-7] o.h.type.descriptor.sql.BasicBinder      : binding parameter [1] as [INTEGER] - [1]
2020-05-19 16:36:25.926 DEBUG 16684 --- [http-nio-9998-exec-7] org.hibernate.SQL                        : select products0_.id as id1_7_, products0_.category_id as category2_7_, products0_.created_date as created_3_7_, products0_.description as descript4_7_, products0_.name as name5_7_, products0_.removed_flag as removed_6_7_, products0_.updated_date as updated_7_7_ from products products0_ where products0_.category_id=? limit ?
2020-05-19 16:36:25.927 TRACE 16684 --- [http-nio-9998-exec-7] o.h.type.descriptor.sql.BasicBinder      : binding parameter [1] as [INTEGER] - [1]
2020-05-19 16:36:25.929 DEBUG 16684 --- [http-nio-9998-exec-7] org.hibernate.SQL                        : select categories0_.id as id1_0_0_, categories0_.created_date as created_2_0_0_, categories0_.name as name3_0_0_, categories0_.removed_flag as removed_4_0_0_, categories0_.updated_date as updated_5_0_0_ from categories categories0_ where categories0_.id=?
2020-05-19 16:36:25.929 TRACE 16684 --- [http-nio-9998-exec-7] o.h.type.descriptor.sql.BasicBinder      : binding parameter [1] as [INTEGER] - [1]
2020-05-19 16:36:25.931 DEBUG 16684 --- [http-nio-9998-exec-7] org.hibernate.SQL                        : select productsto0_.product_id as product_5_6_0_, productsto0_.id as id1_6_0_, productsto0_.id as id1_6_1_, productsto0_.color_id as color_id2_6_1_, productsto0_.discount as discount3_6_1_, productsto0_.price as price4_6_1_, productsto0_.product_id as product_5_6_1_, productsto0_.size_id as size_id7_6_1_, productsto0_.quantity as quantity6_6_1_, productsto0_.sold as sold8_6_1_, productcol1_.id as id1_3_2_, productcol1_.created_date as created_2_3_2_, productcol1_.name as name3_3_2_, productcol1_.removed_flag as removed_4_3_2_, productcol1_.updated_date as updated_5_3_2_, productsiz2_.id as id1_5_3_, productsiz2_.created_date as created_2_5_3_, productsiz2_.name as name3_5_3_, productsiz2_.removed_flag as removed_4_5_3_, productsiz2_.updated_date as updated_5_5_3_ from product_storage productsto0_ left outer join product_color productcol1_ on productsto0_.color_id=productcol1_.id left outer join product_size productsiz2_ on productsto0_.size_id=productsiz2_.id where productsto0_.product_id=?
2020-05-19 16:36:25.931 TRACE 16684 --- [http-nio-9998-exec-7] o.h.type.descriptor.sql.BasicBinder      : binding parameter [1] as [INTEGER] - [1]
2020-05-19 16:36:25.932 DEBUG 16684 --- [http-nio-9998-exec-7] org.hibernate.SQL                        : select productsto0_.product_id as product_5_6_0_, productsto0_.id as id1_6_0_, productsto0_.id as id1_6_1_, productsto0_.color_id as color_id2_6_1_, productsto0_.discount as discount3_6_1_, productsto0_.price as price4_6_1_, productsto0_.product_id as product_5_6_1_, productsto0_.size_id as size_id7_6_1_, productsto0_.quantity as quantity6_6_1_, productsto0_.sold as sold8_6_1_, productcol1_.id as id1_3_2_, productcol1_.created_date as created_2_3_2_, productcol1_.name as name3_3_2_, productcol1_.removed_flag as removed_4_3_2_, productcol1_.updated_date as updated_5_3_2_, productsiz2_.id as id1_5_3_, productsiz2_.created_date as created_2_5_3_, productsiz2_.name as name3_5_3_, productsiz2_.removed_flag as removed_4_5_3_, productsiz2_.updated_date as updated_5_5_3_ from product_storage productsto0_ left outer join product_color productcol1_ on productsto0_.color_id=productcol1_.id left outer join product_size productsiz2_ on productsto0_.size_id=productsiz2_.id where productsto0_.product_id=?
2020-05-19 16:36:25.933 TRACE 16684 --- [http-nio-9998-exec-7] o.h.type.descriptor.sql.BasicBinder      : binding parameter [1] as [INTEGER] - [3]
2020-05-19 16:36:25.937 DEBUG 16684 --- [http-nio-9998-exec-7] org.hibernate.SQL                        : select productima0_.product_id as product_3_4_0_, productima0_.id as id1_4_0_, productima0_.id as id1_4_1_, productima0_.name as name2_4_1_, productima0_.product_id as product_3_4_1_, productima0_.uploaded_date as uploaded4_4_1_ from product_image productima0_ where productima0_.product_id=?
2020-05-19 16:36:25.937 TRACE 16684 --- [http-nio-9998-exec-7] o.h.type.descriptor.sql.BasicBinder      : binding parameter [1] as [INTEGER] - [1]
2020-05-19 16:36:25.939 DEBUG 16684 --- [http-nio-9998-exec-9] org.hibernate.SQL                        : select count(products0_.id) as col_0_0_ from products products0_ where products0_.category_id=?
2020-05-19 16:36:25.939 DEBUG 16684 --- [http-nio-9998-exec-7] org.hibernate.SQL                        : select productima0_.product_id as product_3_4_0_, productima0_.id as id1_4_0_, productima0_.id as id1_4_1_, productima0_.name as name2_4_1_, productima0_.product_id as product_3_4_1_, productima0_.uploaded_date as uploaded4_4_1_ from product_image productima0_ where productima0_.product_id=?
2020-05-19 16:36:25.939 TRACE 16684 --- [http-nio-9998-exec-9] o.h.type.descriptor.sql.BasicBinder      : binding parameter [1] as [INTEGER] - [1]
2020-05-19 16:36:25.939 TRACE 16684 --- [http-nio-9998-exec-7] o.h.type.descriptor.sql.BasicBinder      : binding parameter [1] as [INTEGER] - [3]
2020-05-19 16:36:25.940 DEBUG 16684 --- [http-nio-9998-exec-9] org.hibernate.SQL                        : select products0_.id as id1_7_, products0_.category_id as category2_7_, products0_.created_date as created_3_7_, products0_.description as descript4_7_, products0_.name as name5_7_, products0_.removed_flag as removed_6_7_, products0_.updated_date as updated_7_7_ from products products0_ where products0_.category_id=? limit ?
2020-05-19 16:36:25.941 TRACE 16684 --- [http-nio-9998-exec-9] o.h.type.descriptor.sql.BasicBinder      : binding parameter [1] as [INTEGER] - [1]
2020-05-19 16:36:25.942 DEBUG 16684 --- [http-nio-9998-exec-9] org.hibernate.SQL                        : select categories0_.id as id1_0_0_, categories0_.created_date as created_2_0_0_, categories0_.name as name3_0_0_, categories0_.removed_flag as removed_4_0_0_, categories0_.updated_date as updated_5_0_0_ from categories categories0_ where categories0_.id=?
2020-05-19 16:36:25.942 TRACE 16684 --- [http-nio-9998-exec-9] o.h.type.descriptor.sql.BasicBinder      : binding parameter [1] as [INTEGER] - [1]
2020-05-19 16:36:25.944 DEBUG 16684 --- [http-nio-9998-exec-9] org.hibernate.SQL                        : select productsto0_.product_id as product_5_6_0_, productsto0_.id as id1_6_0_, productsto0_.id as id1_6_1_, productsto0_.color_id as color_id2_6_1_, productsto0_.discount as discount3_6_1_, productsto0_.price as price4_6_1_, productsto0_.product_id as product_5_6_1_, productsto0_.size_id as size_id7_6_1_, productsto0_.quantity as quantity6_6_1_, productsto0_.sold as sold8_6_1_, productcol1_.id as id1_3_2_, productcol1_.created_date as created_2_3_2_, productcol1_.name as name3_3_2_, productcol1_.removed_flag as removed_4_3_2_, productcol1_.updated_date as updated_5_3_2_, productsiz2_.id as id1_5_3_, productsiz2_.created_date as created_2_5_3_, productsiz2_.name as name3_5_3_, productsiz2_.removed_flag as removed_4_5_3_, productsiz2_.updated_date as updated_5_5_3_ from product_storage productsto0_ left outer join product_color productcol1_ on productsto0_.color_id=productcol1_.id left outer join product_size productsiz2_ on productsto0_.size_id=productsiz2_.id where productsto0_.product_id=?
2020-05-19 16:36:25.944 TRACE 16684 --- [http-nio-9998-exec-9] o.h.type.descriptor.sql.BasicBinder      : binding parameter [1] as [INTEGER] - [1]
2020-05-19 16:36:25.945 DEBUG 16684 --- [http-nio-9998-exec-9] org.hibernate.SQL                        : select productsto0_.product_id as product_5_6_0_, productsto0_.id as id1_6_0_, productsto0_.id as id1_6_1_, productsto0_.color_id as color_id2_6_1_, productsto0_.discount as discount3_6_1_, productsto0_.price as price4_6_1_, productsto0_.product_id as product_5_6_1_, productsto0_.size_id as size_id7_6_1_, productsto0_.quantity as quantity6_6_1_, productsto0_.sold as sold8_6_1_, productcol1_.id as id1_3_2_, productcol1_.created_date as created_2_3_2_, productcol1_.name as name3_3_2_, productcol1_.removed_flag as removed_4_3_2_, productcol1_.updated_date as updated_5_3_2_, productsiz2_.id as id1_5_3_, productsiz2_.created_date as created_2_5_3_, productsiz2_.name as name3_5_3_, productsiz2_.removed_flag as removed_4_5_3_, productsiz2_.updated_date as updated_5_5_3_ from product_storage productsto0_ left outer join product_color productcol1_ on productsto0_.color_id=productcol1_.id left outer join product_size productsiz2_ on productsto0_.size_id=productsiz2_.id where productsto0_.product_id=?
2020-05-19 16:36:25.946 TRACE 16684 --- [http-nio-9998-exec-9] o.h.type.descriptor.sql.BasicBinder      : binding parameter [1] as [INTEGER] - [3]
2020-05-19 16:36:25.951 DEBUG 16684 --- [http-nio-9998-exec-9] org.hibernate.SQL                        : select productima0_.product_id as product_3_4_0_, productima0_.id as id1_4_0_, productima0_.id as id1_4_1_, productima0_.name as name2_4_1_, productima0_.product_id as product_3_4_1_, productima0_.uploaded_date as uploaded4_4_1_ from product_image productima0_ where productima0_.product_id=?
2020-05-19 16:36:25.951 TRACE 16684 --- [http-nio-9998-exec-9] o.h.type.descriptor.sql.BasicBinder      : binding parameter [1] as [INTEGER] - [1]
2020-05-19 16:36:25.953 DEBUG 16684 --- [http-nio-9998-exec-9] org.hibernate.SQL                        : select productima0_.product_id as product_3_4_0_, productima0_.id as id1_4_0_, productima0_.id as id1_4_1_, productima0_.name as name2_4_1_, productima0_.product_id as product_3_4_1_, productima0_.uploaded_date as uploaded4_4_1_ from product_image productima0_ where productima0_.product_id=?
2020-05-19 16:36:25.953 TRACE 16684 --- [http-nio-9998-exec-9] o.h.type.descriptor.sql.BasicBinder      : binding parameter [1] as [INTEGER] - [3]
2020-05-19 16:38:37.658  INFO 3440 --- [restartedMain] com.xa.TranhTheuVietNamApplication       : Starting TranhTheuVietNamApplication on DESKTOP-3TU3L6U with PID 3440 (C:\Users\anhnx\Downloads\TranhTheuVietNam\TranhTheuVietNam\target\classes started by anhnx in C:\Users\anhnx\Downloads\TranhTheuVietNam\TranhTheuVietNam)
2020-05-19 16:38:37.660  INFO 3440 --- [restartedMain] com.xa.TranhTheuVietNamApplication       : No active profile set, falling back to default profiles: default
2020-05-19 16:38:37.698  INFO 3440 --- [restartedMain] o.s.b.devtools.restart.ChangeableUrls    : The Class-Path manifest attribute in C:\Users\anhnx\.m2\repository\org\glassfish\jaxb\jaxb-runtime\2.3.2\jaxb-runtime-2.3.2.jar referenced one or more files that do not exist: file:/C:/Users/anhnx/.m2/repository/org/glassfish/jaxb/jaxb-runtime/2.3.2/jakarta.xml.bind-api-2.3.2.jar,file:/C:/Users/anhnx/.m2/repository/org/glassfish/jaxb/jaxb-runtime/2.3.2/txw2-2.3.2.jar,file:/C:/Users/anhnx/.m2/repository/org/glassfish/jaxb/jaxb-runtime/2.3.2/istack-commons-runtime-3.0.8.jar,file:/C:/Users/anhnx/.m2/repository/org/glassfish/jaxb/jaxb-runtime/2.3.2/stax-ex-1.8.1.jar,file:/C:/Users/anhnx/.m2/repository/org/glassfish/jaxb/jaxb-runtime/2.3.2/FastInfoset-1.2.16.jar,file:/C:/Users/anhnx/.m2/repository/org/glassfish/jaxb/jaxb-runtime/2.3.2/jakarta.activation-api-1.2.1.jar
2020-05-19 16:38:37.698  INFO 3440 --- [restartedMain] .e.DevToolsPropertyDefaultsPostProcessor : Devtools property defaults active! Set 'spring.devtools.add-properties' to 'false' to disable
2020-05-19 16:38:37.698  INFO 3440 --- [restartedMain] .e.DevToolsPropertyDefaultsPostProcessor : For additional web related logging consider setting the 'logging.level.web' property to 'DEBUG'
2020-05-19 16:38:38.093  INFO 3440 --- [restartedMain] .s.d.r.c.RepositoryConfigurationDelegate : Bootstrapping Spring Data JPA repositories in DEFAULT mode.
2020-05-19 16:38:38.175  INFO 3440 --- [restartedMain] .s.d.r.c.RepositoryConfigurationDelegate : Finished Spring Data repository scanning in 75ms. Found 4 JPA repository interfaces.
2020-05-19 16:38:38.873  INFO 3440 --- [restartedMain] o.s.b.w.embedded.tomcat.TomcatWebServer  : Tomcat initialized with port(s): 9998 (http)
2020-05-19 16:38:38.881  INFO 3440 --- [restartedMain] o.apache.catalina.core.StandardService   : Starting service [Tomcat]
2020-05-19 16:38:38.881  INFO 3440 --- [restartedMain] org.apache.catalina.core.StandardEngine  : Starting Servlet engine: [Apache Tomcat/9.0.33]
2020-05-19 16:38:39.243  INFO 3440 --- [restartedMain] org.apache.jasper.servlet.TldScanner     : At least one JAR was scanned for TLDs yet contained no TLDs. Enable debug logging for this logger for a complete list of JARs that were scanned but no TLDs were found in them. Skipping unneeded JARs during scanning can improve startup time and JSP compilation time.
2020-05-19 16:38:39.247  INFO 3440 --- [restartedMain] o.a.c.c.C.[Tomcat].[localhost].[/]       : Initializing Spring embedded WebApplicationContext
2020-05-19 16:38:39.247  INFO 3440 --- [restartedMain] o.s.web.context.ContextLoader            : Root WebApplicationContext: initialization completed in 1549 ms
2020-05-19 16:38:39.365  INFO 3440 --- [restartedMain] o.hibernate.jpa.internal.util.LogHelper  : HHH000204: Processing PersistenceUnitInfo [name: default]
2020-05-19 16:38:39.415  INFO 3440 --- [restartedMain] org.hibernate.Version                    : HHH000412: Hibernate ORM core version 5.4.12.Final
2020-05-19 16:38:39.583  INFO 3440 --- [restartedMain] o.hibernate.annotations.common.Version   : HCANN000001: Hibernate Commons Annotations {5.1.0.Final}
2020-05-19 16:38:39.648  INFO 3440 --- [restartedMain] com.zaxxer.hikari.HikariDataSource       : HikariPool-1 - Starting...
2020-05-19 16:38:40.049  INFO 3440 --- [restartedMain] com.zaxxer.hikari.HikariDataSource       : HikariPool-1 - Start completed.
2020-05-19 16:38:40.057  INFO 3440 --- [restartedMain] org.hibernate.dialect.Dialect            : HHH000400: Using dialect: org.hibernate.dialect.MySQL5InnoDBDialect
2020-05-19 16:38:40.572  INFO 3440 --- [restartedMain] o.h.e.t.j.p.i.JtaPlatformInitiator       : HHH000490: Using JtaPlatform implementation: [org.hibernate.engine.transaction.jta.platform.internal.NoJtaPlatform]
2020-05-19 16:38:40.578  INFO 3440 --- [restartedMain] j.LocalContainerEntityManagerFactoryBean : Initialized JPA EntityManagerFactory for persistence unit 'default'
2020-05-19 16:38:40.869  WARN 3440 --- [restartedMain] JpaBaseConfiguration$JpaWebConfiguration : spring.jpa.open-in-view is enabled by default. Therefore, database queries may be performed during view rendering. Explicitly configure spring.jpa.open-in-view to disable this warning
2020-05-19 16:38:41.074  INFO 3440 --- [restartedMain] o.s.b.d.a.OptionalLiveReloadServer       : LiveReload server is running on port 35729
2020-05-19 16:38:41.102  INFO 3440 --- [restartedMain] o.s.b.w.embedded.tomcat.TomcatWebServer  : Tomcat started on port(s): 9998 (http) with context path ''
2020-05-19 16:38:41.104  INFO 3440 --- [restartedMain] com.xa.TranhTheuVietNamApplication       : Started TranhTheuVietNamApplication in 3.704 seconds (JVM running for 4.062)
2020-05-19 16:38:52.565  INFO 3440 --- [http-nio-9998-exec-1] o.a.c.c.C.[Tomcat].[localhost].[/]       : Initializing Spring DispatcherServlet 'dispatcherServlet'
2020-05-19 16:38:52.565  INFO 3440 --- [http-nio-9998-exec-1] o.s.web.servlet.DispatcherServlet        : Initializing Servlet 'dispatcherServlet'
2020-05-19 16:38:52.569  INFO 3440 --- [http-nio-9998-exec-1] o.s.web.servlet.DispatcherServlet        : Completed initialization in 4 ms
2020-05-19 16:38:52.679 DEBUG 3440 --- [http-nio-9998-exec-1] org.hibernate.SQL                        : select productsto0_.id as id1_6_, productsto0_.color_id as color_id2_6_, productsto0_.discount as discount3_6_, productsto0_.price as price4_6_, productsto0_.product_id as product_5_6_, productsto0_.size_id as size_id7_6_, productsto0_.quantity as quantity6_6_, productsto0_.sold as sold8_6_ from product_storage productsto0_ where productsto0_.product_id=? and productsto0_.color_id=? and productsto0_.size_id=?
2020-05-19 16:38:52.691 TRACE 3440 --- [http-nio-9998-exec-1] o.h.type.descriptor.sql.BasicBinder      : binding parameter [1] as [INTEGER] - [3]
2020-05-19 16:38:52.691 TRACE 3440 --- [http-nio-9998-exec-1] o.h.type.descriptor.sql.BasicBinder      : binding parameter [2] as [INTEGER] - [2]
2020-05-19 16:38:52.691 TRACE 3440 --- [http-nio-9998-exec-1] o.h.type.descriptor.sql.BasicBinder      : binding parameter [3] as [INTEGER] - [1]
2020-05-19 16:38:52.702 DEBUG 3440 --- [http-nio-9998-exec-1] org.hibernate.SQL                        : select productcol0_.id as id1_3_0_, productcol0_.created_date as created_2_3_0_, productcol0_.name as name3_3_0_, productcol0_.removed_flag as removed_4_3_0_, productcol0_.updated_date as updated_5_3_0_ from product_color productcol0_ where productcol0_.id=?
2020-05-19 16:38:52.702 TRACE 3440 --- [http-nio-9998-exec-1] o.h.type.descriptor.sql.BasicBinder      : binding parameter [1] as [INTEGER] - [2]
2020-05-19 16:38:52.707 DEBUG 3440 --- [http-nio-9998-exec-1] org.hibernate.SQL                        : select productsiz0_.id as id1_5_0_, productsiz0_.created_date as created_2_5_0_, productsiz0_.name as name3_5_0_, productsiz0_.removed_flag as removed_4_5_0_, productsiz0_.updated_date as updated_5_5_0_ from product_size productsiz0_ where productsiz0_.id=?
2020-05-19 16:38:52.707 TRACE 3440 --- [http-nio-9998-exec-1] o.h.type.descriptor.sql.BasicBinder      : binding parameter [1] as [INTEGER] - [1]
2020-05-19 16:38:52.722 DEBUG 3440 --- [http-nio-9998-exec-1] org.hibernate.SQL                        : select products0_.id as id1_7_0_, products0_.category_id as category2_7_0_, products0_.created_date as created_3_7_0_, products0_.description as descript4_7_0_, products0_.name as name5_7_0_, products0_.removed_flag as removed_6_7_0_, products0_.updated_date as updated_7_7_0_, categories1_.id as id1_0_1_, categories1_.created_date as created_2_0_1_, categories1_.name as name3_0_1_, categories1_.removed_flag as removed_4_0_1_, categories1_.updated_date as updated_5_0_1_ from products products0_ left outer join categories categories1_ on products0_.category_id=categories1_.id where products0_.id=?
2020-05-19 16:38:52.722 TRACE 3440 --- [http-nio-9998-exec-1] o.h.type.descriptor.sql.BasicBinder      : binding parameter [1] as [INTEGER] - [3]
2020-05-19 16:38:52.842 DEBUG 3440 --- [http-nio-9998-exec-1] org.hibernate.SQL                        : select productima0_.product_id as product_3_4_0_, productima0_.id as id1_4_0_, productima0_.id as id1_4_1_, productima0_.name as name2_4_1_, productima0_.product_id as product_3_4_1_, productima0_.uploaded_date as uploaded4_4_1_ from product_image productima0_ where productima0_.product_id=?
2020-05-19 16:38:52.842 TRACE 3440 --- [http-nio-9998-exec-1] o.h.type.descriptor.sql.BasicBinder      : binding parameter [1] as [INTEGER] - [3]
2020-05-19 16:38:52.854 ERROR 3440 --- [http-nio-9998-exec-1] o.a.c.c.C.[.[.[/].[dispatcherServlet]    : Servlet.service() for servlet [dispatcherServlet] in context with path [] threw exception [Request processing failed; nested exception is java.lang.NullPointerException] with root cause

java.lang.NullPointerException: null
	at com.xa.controller.shop.shoppingCartController.addProductToCartAjax(shoppingCartController.java:56) ~[classes/:na]
	at sun.reflect.NativeMethodAccessorImpl.invoke0(Native Method) ~[na:1.8.0_231]
	at sun.reflect.NativeMethodAccessorImpl.invoke(NativeMethodAccessorImpl.java:62) ~[na:1.8.0_231]
	at sun.reflect.DelegatingMethodAccessorImpl.invoke(DelegatingMethodAccessorImpl.java:43) ~[na:1.8.0_231]
	at java.lang.reflect.Method.invoke(Method.java:498) ~[na:1.8.0_231]
	at org.springframework.web.method.support.InvocableHandlerMethod.doInvoke(InvocableHandlerMethod.java:190) ~[spring-web-5.2.5.RELEASE.jar:5.2.5.RELEASE]
	at org.springframework.web.method.support.InvocableHandlerMethod.invokeForRequest(InvocableHandlerMethod.java:138) ~[spring-web-5.2.5.RELEASE.jar:5.2.5.RELEASE]
	at org.springframework.web.servlet.mvc.method.annotation.ServletInvocableHandlerMethod.invokeAndHandle(ServletInvocableHandlerMethod.java:105) ~[spring-webmvc-5.2.5.RELEASE.jar:5.2.5.RELEASE]
	at org.springframework.web.servlet.mvc.method.annotation.RequestMappingHandlerAdapter.invokeHandlerMethod(RequestMappingHandlerAdapter.java:879) ~[spring-webmvc-5.2.5.RELEASE.jar:5.2.5.RELEASE]
	at org.springframework.web.servlet.mvc.method.annotation.RequestMappingHandlerAdapter.handleInternal(RequestMappingHandlerAdapter.java:793) ~[spring-webmvc-5.2.5.RELEASE.jar:5.2.5.RELEASE]
	at org.springframework.web.servlet.mvc.method.AbstractHandlerMethodAdapter.handle(AbstractHandlerMethodAdapter.java:87) ~[spring-webmvc-5.2.5.RELEASE.jar:5.2.5.RELEASE]
	at org.springframework.web.servlet.DispatcherServlet.doDispatch(DispatcherServlet.java:1040) ~[spring-webmvc-5.2.5.RELEASE.jar:5.2.5.RELEASE]
	at org.springframework.web.servlet.DispatcherServlet.doService(DispatcherServlet.java:943) ~[spring-webmvc-5.2.5.RELEASE.jar:5.2.5.RELEASE]
	at org.springframework.web.servlet.FrameworkServlet.processRequest(FrameworkServlet.java:1006) ~[spring-webmvc-5.2.5.RELEASE.jar:5.2.5.RELEASE]
	at org.springframework.web.servlet.FrameworkServlet.doPost(FrameworkServlet.java:909) ~[spring-webmvc-5.2.5.RELEASE.jar:5.2.5.RELEASE]
	at javax.servlet.http.HttpServlet.service(HttpServlet.java:660) ~[tomcat-embed-core-9.0.33.jar:9.0.33]
	at org.springframework.web.servlet.FrameworkServlet.service(FrameworkServlet.java:883) ~[spring-webmvc-5.2.5.RELEASE.jar:5.2.5.RELEASE]
	at javax.servlet.http.HttpServlet.service(HttpServlet.java:741) ~[tomcat-embed-core-9.0.33.jar:9.0.33]
	at org.apache.catalina.core.ApplicationFilterChain.internalDoFilter(ApplicationFilterChain.java:231) ~[tomcat-embed-core-9.0.33.jar:9.0.33]
	at org.apache.catalina.core.ApplicationFilterChain.doFilter(ApplicationFilterChain.java:166) ~[tomcat-embed-core-9.0.33.jar:9.0.33]
	at org.apache.tomcat.websocket.server.WsFilter.doFilter(WsFilter.java:53) ~[tomcat-embed-websocket-9.0.33.jar:9.0.33]
	at org.apache.catalina.core.ApplicationFilterChain.internalDoFilter(ApplicationFilterChain.java:193) ~[tomcat-embed-core-9.0.33.jar:9.0.33]
	at org.apache.catalina.core.ApplicationFilterChain.doFilter(ApplicationFilterChain.java:166) ~[tomcat-embed-core-9.0.33.jar:9.0.33]
	at org.springframework.web.filter.CharacterEncodingFilter.doFilterInternal(CharacterEncodingFilter.java:201) ~[spring-web-5.2.5.RELEASE.jar:5.2.5.RELEASE]
	at org.springframework.web.filter.OncePerRequestFilter.doFilter(OncePerRequestFilter.java:119) ~[spring-web-5.2.5.RELEASE.jar:5.2.5.RELEASE]
	at org.apache.catalina.core.ApplicationFilterChain.internalDoFilter(ApplicationFilterChain.java:193) ~[tomcat-embed-core-9.0.33.jar:9.0.33]
	at org.apache.catalina.core.ApplicationFilterChain.doFilter(ApplicationFilterChain.java:166) ~[tomcat-embed-core-9.0.33.jar:9.0.33]
	at org.apache.catalina.core.StandardWrapperValve.invoke(StandardWrapperValve.java:202) ~[tomcat-embed-core-9.0.33.jar:9.0.33]
	at org.apache.catalina.core.StandardContextValve.invoke(StandardContextValve.java:96) [tomcat-embed-core-9.0.33.jar:9.0.33]
	at org.apache.catalina.authenticator.AuthenticatorBase.invoke(AuthenticatorBase.java:541) [tomcat-embed-core-9.0.33.jar:9.0.33]
	at org.apache.catalina.core.StandardHostValve.invoke(StandardHostValve.java:139) [tomcat-embed-core-9.0.33.jar:9.0.33]
	at org.apache.catalina.valves.ErrorReportValve.invoke(ErrorReportValve.java:92) [tomcat-embed-core-9.0.33.jar:9.0.33]
	at org.apache.catalina.core.StandardEngineValve.invoke(StandardEngineValve.java:74) [tomcat-embed-core-9.0.33.jar:9.0.33]
	at org.apache.catalina.connector.CoyoteAdapter.service(CoyoteAdapter.java:343) [tomcat-embed-core-9.0.33.jar:9.0.33]
	at org.apache.coyote.http11.Http11Processor.service(Http11Processor.java:373) [tomcat-embed-core-9.0.33.jar:9.0.33]
	at org.apache.coyote.AbstractProcessorLight.process(AbstractProcessorLight.java:65) [tomcat-embed-core-9.0.33.jar:9.0.33]
	at org.apache.coyote.AbstractProtocol$ConnectionHandler.process(AbstractProtocol.java:868) [tomcat-embed-core-9.0.33.jar:9.0.33]
	at org.apache.tomcat.util.net.NioEndpoint$SocketProcessor.doRun(NioEndpoint.java:1594) [tomcat-embed-core-9.0.33.jar:9.0.33]
	at org.apache.tomcat.util.net.SocketProcessorBase.run(SocketProcessorBase.java:49) [tomcat-embed-core-9.0.33.jar:9.0.33]
	at java.util.concurrent.ThreadPoolExecutor.runWorker(ThreadPoolExecutor.java:1149) [na:1.8.0_231]
	at java.util.concurrent.ThreadPoolExecutor$Worker.run(ThreadPoolExecutor.java:624) [na:1.8.0_231]
	at org.apache.tomcat.util.threads.TaskThread$WrappingRunnable.run(TaskThread.java:61) [tomcat-embed-core-9.0.33.jar:9.0.33]
	at java.lang.Thread.run(Thread.java:748) [na:1.8.0_231]

2020-05-19 16:38:52.871  WARN 3440 --- [http-nio-9998-exec-1] .w.s.m.s.DefaultHandlerExceptionResolver : Resolved [org.springframework.web.HttpRequestMethodNotSupportedException: Request method 'POST' not supported]
2020-05-19 16:39:17.284 DEBUG 3440 --- [http-nio-9998-exec-2] org.hibernate.SQL                        : select categories0_.id as id1_0_, categories0_.created_date as created_2_0_, categories0_.name as name3_0_, categories0_.removed_flag as removed_4_0_, categories0_.updated_date as updated_5_0_ from categories categories0_
2020-05-19 16:39:19.523 DEBUG 3440 --- [http-nio-9998-exec-3] org.hibernate.SQL                        : select count(products0_.id) as col_0_0_ from products products0_ where products0_.category_id=?
2020-05-19 16:39:19.523 TRACE 3440 --- [http-nio-9998-exec-3] o.h.type.descriptor.sql.BasicBinder      : binding parameter [1] as [INTEGER] - [1]
2020-05-19 16:39:19.527 DEBUG 3440 --- [http-nio-9998-exec-3] org.hibernate.SQL                        : select products0_.id as id1_7_, products0_.category_id as category2_7_, products0_.created_date as created_3_7_, products0_.description as descript4_7_, products0_.name as name5_7_, products0_.removed_flag as removed_6_7_, products0_.updated_date as updated_7_7_ from products products0_ where products0_.category_id=? limit ?
2020-05-19 16:39:19.527 TRACE 3440 --- [http-nio-9998-exec-3] o.h.type.descriptor.sql.BasicBinder      : binding parameter [1] as [INTEGER] - [1]
2020-05-19 16:39:19.528 DEBUG 3440 --- [http-nio-9998-exec-3] org.hibernate.SQL                        : select categories0_.id as id1_0_0_, categories0_.created_date as created_2_0_0_, categories0_.name as name3_0_0_, categories0_.removed_flag as removed_4_0_0_, categories0_.updated_date as updated_5_0_0_ from categories categories0_ where categories0_.id=?
2020-05-19 16:39:19.528 TRACE 3440 --- [http-nio-9998-exec-3] o.h.type.descriptor.sql.BasicBinder      : binding parameter [1] as [INTEGER] - [1]
2020-05-19 16:39:19.530 DEBUG 3440 --- [http-nio-9998-exec-3] org.hibernate.SQL                        : select productsto0_.product_id as product_5_6_0_, productsto0_.id as id1_6_0_, productsto0_.id as id1_6_1_, productsto0_.color_id as color_id2_6_1_, productsto0_.discount as discount3_6_1_, productsto0_.price as price4_6_1_, productsto0_.product_id as product_5_6_1_, productsto0_.size_id as size_id7_6_1_, productsto0_.quantity as quantity6_6_1_, productsto0_.sold as sold8_6_1_, productcol1_.id as id1_3_2_, productcol1_.created_date as created_2_3_2_, productcol1_.name as name3_3_2_, productcol1_.removed_flag as removed_4_3_2_, productcol1_.updated_date as updated_5_3_2_, productsiz2_.id as id1_5_3_, productsiz2_.created_date as created_2_5_3_, productsiz2_.name as name3_5_3_, productsiz2_.removed_flag as removed_4_5_3_, productsiz2_.updated_date as updated_5_5_3_ from product_storage productsto0_ left outer join product_color productcol1_ on productsto0_.color_id=productcol1_.id left outer join product_size productsiz2_ on productsto0_.size_id=productsiz2_.id where productsto0_.product_id=?
2020-05-19 16:39:19.531 TRACE 3440 --- [http-nio-9998-exec-3] o.h.type.descriptor.sql.BasicBinder      : binding parameter [1] as [INTEGER] - [1]
2020-05-19 16:39:19.533 DEBUG 3440 --- [http-nio-9998-exec-3] org.hibernate.SQL                        : select productsto0_.product_id as product_5_6_0_, productsto0_.id as id1_6_0_, productsto0_.id as id1_6_1_, productsto0_.color_id as color_id2_6_1_, productsto0_.discount as discount3_6_1_, productsto0_.price as price4_6_1_, productsto0_.product_id as product_5_6_1_, productsto0_.size_id as size_id7_6_1_, productsto0_.quantity as quantity6_6_1_, productsto0_.sold as sold8_6_1_, productcol1_.id as id1_3_2_, productcol1_.created_date as created_2_3_2_, productcol1_.name as name3_3_2_, productcol1_.removed_flag as removed_4_3_2_, productcol1_.updated_date as updated_5_3_2_, productsiz2_.id as id1_5_3_, productsiz2_.created_date as created_2_5_3_, productsiz2_.name as name3_5_3_, productsiz2_.removed_flag as removed_4_5_3_, productsiz2_.updated_date as updated_5_5_3_ from product_storage productsto0_ left outer join product_color productcol1_ on productsto0_.color_id=productcol1_.id left outer join product_size productsiz2_ on productsto0_.size_id=productsiz2_.id where productsto0_.product_id=?
2020-05-19 16:39:19.533 TRACE 3440 --- [http-nio-9998-exec-3] o.h.type.descriptor.sql.BasicBinder      : binding parameter [1] as [INTEGER] - [3]
2020-05-19 16:39:19.653 DEBUG 3440 --- [http-nio-9998-exec-3] org.hibernate.SQL                        : select productima0_.product_id as product_3_4_0_, productima0_.id as id1_4_0_, productima0_.id as id1_4_1_, productima0_.name as name2_4_1_, productima0_.product_id as product_3_4_1_, productima0_.uploaded_date as uploaded4_4_1_ from product_image productima0_ where productima0_.product_id=?
2020-05-19 16:39:19.653 TRACE 3440 --- [http-nio-9998-exec-3] o.h.type.descriptor.sql.BasicBinder      : binding parameter [1] as [INTEGER] - [1]
2020-05-19 16:39:19.666 DEBUG 3440 --- [http-nio-9998-exec-3] org.hibernate.SQL                        : select productima0_.product_id as product_3_4_0_, productima0_.id as id1_4_0_, productima0_.id as id1_4_1_, productima0_.name as name2_4_1_, productima0_.product_id as product_3_4_1_, productima0_.uploaded_date as uploaded4_4_1_ from product_image productima0_ where productima0_.product_id=?
2020-05-19 16:39:19.666 TRACE 3440 --- [http-nio-9998-exec-3] o.h.type.descriptor.sql.BasicBinder      : binding parameter [1] as [INTEGER] - [3]
2020-05-19 16:39:25.494 DEBUG 3440 --- [http-nio-9998-exec-4] org.hibernate.SQL                        : select productsto0_.id as id1_6_, productsto0_.color_id as color_id2_6_, productsto0_.discount as discount3_6_, productsto0_.price as price4_6_, productsto0_.product_id as product_5_6_, productsto0_.size_id as size_id7_6_, productsto0_.quantity as quantity6_6_, productsto0_.sold as sold8_6_ from product_storage productsto0_ where productsto0_.product_id=? and productsto0_.color_id=? and productsto0_.size_id=?
2020-05-19 16:39:25.495 TRACE 3440 --- [http-nio-9998-exec-4] o.h.type.descriptor.sql.BasicBinder      : binding parameter [1] as [INTEGER] - [3]
2020-05-19 16:39:25.495 TRACE 3440 --- [http-nio-9998-exec-4] o.h.type.descriptor.sql.BasicBinder      : binding parameter [2] as [INTEGER] - [2]
2020-05-19 16:39:25.495 TRACE 3440 --- [http-nio-9998-exec-4] o.h.type.descriptor.sql.BasicBinder      : binding parameter [3] as [INTEGER] - [1]
2020-05-19 16:39:25.496 DEBUG 3440 --- [http-nio-9998-exec-4] org.hibernate.SQL                        : select productcol0_.id as id1_3_0_, productcol0_.created_date as created_2_3_0_, productcol0_.name as name3_3_0_, productcol0_.removed_flag as removed_4_3_0_, productcol0_.updated_date as updated_5_3_0_ from product_color productcol0_ where productcol0_.id=?
2020-05-19 16:39:25.496 TRACE 3440 --- [http-nio-9998-exec-4] o.h.type.descriptor.sql.BasicBinder      : binding parameter [1] as [INTEGER] - [2]
2020-05-19 16:39:25.497 DEBUG 3440 --- [http-nio-9998-exec-4] org.hibernate.SQL                        : select productsiz0_.id as id1_5_0_, productsiz0_.created_date as created_2_5_0_, productsiz0_.name as name3_5_0_, productsiz0_.removed_flag as removed_4_5_0_, productsiz0_.updated_date as updated_5_5_0_ from product_size productsiz0_ where productsiz0_.id=?
2020-05-19 16:39:25.498 TRACE 3440 --- [http-nio-9998-exec-4] o.h.type.descriptor.sql.BasicBinder      : binding parameter [1] as [INTEGER] - [1]
2020-05-19 16:39:25.499 DEBUG 3440 --- [http-nio-9998-exec-4] org.hibernate.SQL                        : select products0_.id as id1_7_0_, products0_.category_id as category2_7_0_, products0_.created_date as created_3_7_0_, products0_.description as descript4_7_0_, products0_.name as name5_7_0_, products0_.removed_flag as removed_6_7_0_, products0_.updated_date as updated_7_7_0_, categories1_.id as id1_0_1_, categories1_.created_date as created_2_0_1_, categories1_.name as name3_0_1_, categories1_.removed_flag as removed_4_0_1_, categories1_.updated_date as updated_5_0_1_ from products products0_ left outer join categories categories1_ on products0_.category_id=categories1_.id where products0_.id=?
2020-05-19 16:39:25.500 TRACE 3440 --- [http-nio-9998-exec-4] o.h.type.descriptor.sql.BasicBinder      : binding parameter [1] as [INTEGER] - [3]
2020-05-19 16:39:25.502 DEBUG 3440 --- [http-nio-9998-exec-4] org.hibernate.SQL                        : select productima0_.product_id as product_3_4_0_, productima0_.id as id1_4_0_, productima0_.id as id1_4_1_, productima0_.name as name2_4_1_, productima0_.product_id as product_3_4_1_, productima0_.uploaded_date as uploaded4_4_1_ from product_image productima0_ where productima0_.product_id=?
2020-05-19 16:39:25.502 TRACE 3440 --- [http-nio-9998-exec-4] o.h.type.descriptor.sql.BasicBinder      : binding parameter [1] as [INTEGER] - [3]
2020-05-19 16:39:25.539 DEBUG 3440 --- [http-nio-9998-exec-5] org.hibernate.SQL                        : select count(products0_.id) as col_0_0_ from products products0_ where products0_.category_id=?
2020-05-19 16:39:25.540 TRACE 3440 --- [http-nio-9998-exec-5] o.h.type.descriptor.sql.BasicBinder      : binding parameter [1] as [INTEGER] - [1]
2020-05-19 16:39:25.541 DEBUG 3440 --- [http-nio-9998-exec-5] org.hibernate.SQL                        : select products0_.id as id1_7_, products0_.category_id as category2_7_, products0_.created_date as created_3_7_, products0_.description as descript4_7_, products0_.name as name5_7_, products0_.removed_flag as removed_6_7_, products0_.updated_date as updated_7_7_ from products products0_ where products0_.category_id=? limit ?
2020-05-19 16:39:25.541 TRACE 3440 --- [http-nio-9998-exec-5] o.h.type.descriptor.sql.BasicBinder      : binding parameter [1] as [INTEGER] - [1]
2020-05-19 16:39:25.542 DEBUG 3440 --- [http-nio-9998-exec-5] org.hibernate.SQL                        : select categories0_.id as id1_0_0_, categories0_.created_date as created_2_0_0_, categories0_.name as name3_0_0_, categories0_.removed_flag as removed_4_0_0_, categories0_.updated_date as updated_5_0_0_ from categories categories0_ where categories0_.id=?
2020-05-19 16:39:25.542 TRACE 3440 --- [http-nio-9998-exec-5] o.h.type.descriptor.sql.BasicBinder      : binding parameter [1] as [INTEGER] - [1]
2020-05-19 16:39:25.543 DEBUG 3440 --- [http-nio-9998-exec-5] org.hibernate.SQL                        : select productsto0_.product_id as product_5_6_0_, productsto0_.id as id1_6_0_, productsto0_.id as id1_6_1_, productsto0_.color_id as color_id2_6_1_, productsto0_.discount as discount3_6_1_, productsto0_.price as price4_6_1_, productsto0_.product_id as product_5_6_1_, productsto0_.size_id as size_id7_6_1_, productsto0_.quantity as quantity6_6_1_, productsto0_.sold as sold8_6_1_, productcol1_.id as id1_3_2_, productcol1_.created_date as created_2_3_2_, productcol1_.name as name3_3_2_, productcol1_.removed_flag as removed_4_3_2_, productcol1_.updated_date as updated_5_3_2_, productsiz2_.id as id1_5_3_, productsiz2_.created_date as created_2_5_3_, productsiz2_.name as name3_5_3_, productsiz2_.removed_flag as removed_4_5_3_, productsiz2_.updated_date as updated_5_5_3_ from product_storage productsto0_ left outer join product_color productcol1_ on productsto0_.color_id=productcol1_.id left outer join product_size productsiz2_ on productsto0_.size_id=productsiz2_.id where productsto0_.product_id=?
2020-05-19 16:39:25.543 TRACE 3440 --- [http-nio-9998-exec-5] o.h.type.descriptor.sql.BasicBinder      : binding parameter [1] as [INTEGER] - [1]
2020-05-19 16:39:25.544 DEBUG 3440 --- [http-nio-9998-exec-5] org.hibernate.SQL                        : select productsto0_.product_id as product_5_6_0_, productsto0_.id as id1_6_0_, productsto0_.id as id1_6_1_, productsto0_.color_id as color_id2_6_1_, productsto0_.discount as discount3_6_1_, productsto0_.price as price4_6_1_, productsto0_.product_id as product_5_6_1_, productsto0_.size_id as size_id7_6_1_, productsto0_.quantity as quantity6_6_1_, productsto0_.sold as sold8_6_1_, productcol1_.id as id1_3_2_, productcol1_.created_date as created_2_3_2_, productcol1_.name as name3_3_2_, productcol1_.removed_flag as removed_4_3_2_, productcol1_.updated_date as updated_5_3_2_, productsiz2_.id as id1_5_3_, productsiz2_.created_date as created_2_5_3_, productsiz2_.name as name3_5_3_, productsiz2_.removed_flag as removed_4_5_3_, productsiz2_.updated_date as updated_5_5_3_ from product_storage productsto0_ left outer join product_color productcol1_ on productsto0_.color_id=productcol1_.id left outer join product_size productsiz2_ on productsto0_.size_id=productsiz2_.id where productsto0_.product_id=?
2020-05-19 16:39:25.545 TRACE 3440 --- [http-nio-9998-exec-5] o.h.type.descriptor.sql.BasicBinder      : binding parameter [1] as [INTEGER] - [3]
2020-05-19 16:39:25.564 DEBUG 3440 --- [http-nio-9998-exec-5] org.hibernate.SQL                        : select productima0_.product_id as product_3_4_0_, productima0_.id as id1_4_0_, productima0_.id as id1_4_1_, productima0_.name as name2_4_1_, productima0_.product_id as product_3_4_1_, productima0_.uploaded_date as uploaded4_4_1_ from product_image productima0_ where productima0_.product_id=?
2020-05-19 16:39:25.564 TRACE 3440 --- [http-nio-9998-exec-5] o.h.type.descriptor.sql.BasicBinder      : binding parameter [1] as [INTEGER] - [1]
2020-05-19 16:39:25.566 DEBUG 3440 --- [http-nio-9998-exec-5] org.hibernate.SQL                        : select productima0_.product_id as product_3_4_0_, productima0_.id as id1_4_0_, productima0_.id as id1_4_1_, productima0_.name as name2_4_1_, productima0_.product_id as product_3_4_1_, productima0_.uploaded_date as uploaded4_4_1_ from product_image productima0_ where productima0_.product_id=?
2020-05-19 16:39:25.566 TRACE 3440 --- [http-nio-9998-exec-5] o.h.type.descriptor.sql.BasicBinder      : binding parameter [1] as [INTEGER] - [3]
2020-05-19 16:39:25.566 DEBUG 3440 --- [http-nio-9998-exec-6] org.hibernate.SQL                        : select count(products0_.id) as col_0_0_ from products products0_ where products0_.category_id=?
2020-05-19 16:39:25.567 TRACE 3440 --- [http-nio-9998-exec-6] o.h.type.descriptor.sql.BasicBinder      : binding parameter [1] as [INTEGER] - [1]
2020-05-19 16:39:25.568 DEBUG 3440 --- [http-nio-9998-exec-6] org.hibernate.SQL                        : select products0_.id as id1_7_, products0_.category_id as category2_7_, products0_.created_date as created_3_7_, products0_.description as descript4_7_, products0_.name as name5_7_, products0_.removed_flag as removed_6_7_, products0_.updated_date as updated_7_7_ from products products0_ where products0_.category_id=? limit ?
2020-05-19 16:39:25.569 TRACE 3440 --- [http-nio-9998-exec-6] o.h.type.descriptor.sql.BasicBinder      : binding parameter [1] as [INTEGER] - [1]
2020-05-19 16:39:25.570 DEBUG 3440 --- [http-nio-9998-exec-6] org.hibernate.SQL                        : select categories0_.id as id1_0_0_, categories0_.created_date as created_2_0_0_, categories0_.name as name3_0_0_, categories0_.removed_flag as removed_4_0_0_, categories0_.updated_date as updated_5_0_0_ from categories categories0_ where categories0_.id=?
2020-05-19 16:39:25.570 TRACE 3440 --- [http-nio-9998-exec-6] o.h.type.descriptor.sql.BasicBinder      : binding parameter [1] as [INTEGER] - [1]
2020-05-19 16:39:25.572 DEBUG 3440 --- [http-nio-9998-exec-6] org.hibernate.SQL                        : select productsto0_.product_id as product_5_6_0_, productsto0_.id as id1_6_0_, productsto0_.id as id1_6_1_, productsto0_.color_id as color_id2_6_1_, productsto0_.discount as discount3_6_1_, productsto0_.price as price4_6_1_, productsto0_.product_id as product_5_6_1_, productsto0_.size_id as size_id7_6_1_, productsto0_.quantity as quantity6_6_1_, productsto0_.sold as sold8_6_1_, productcol1_.id as id1_3_2_, productcol1_.created_date as created_2_3_2_, productcol1_.name as name3_3_2_, productcol1_.removed_flag as removed_4_3_2_, productcol1_.updated_date as updated_5_3_2_, productsiz2_.id as id1_5_3_, productsiz2_.created_date as created_2_5_3_, productsiz2_.name as name3_5_3_, productsiz2_.removed_flag as removed_4_5_3_, productsiz2_.updated_date as updated_5_5_3_ from product_storage productsto0_ left outer join product_color productcol1_ on productsto0_.color_id=productcol1_.id left outer join product_size productsiz2_ on productsto0_.size_id=productsiz2_.id where productsto0_.product_id=?
2020-05-19 16:39:25.572 TRACE 3440 --- [http-nio-9998-exec-6] o.h.type.descriptor.sql.BasicBinder      : binding parameter [1] as [INTEGER] - [1]
2020-05-19 16:39:25.574 DEBUG 3440 --- [http-nio-9998-exec-6] org.hibernate.SQL                        : select productsto0_.product_id as product_5_6_0_, productsto0_.id as id1_6_0_, productsto0_.id as id1_6_1_, productsto0_.color_id as color_id2_6_1_, productsto0_.discount as discount3_6_1_, productsto0_.price as price4_6_1_, productsto0_.product_id as product_5_6_1_, productsto0_.size_id as size_id7_6_1_, productsto0_.quantity as quantity6_6_1_, productsto0_.sold as sold8_6_1_, productcol1_.id as id1_3_2_, productcol1_.created_date as created_2_3_2_, productcol1_.name as name3_3_2_, productcol1_.removed_flag as removed_4_3_2_, productcol1_.updated_date as updated_5_3_2_, productsiz2_.id as id1_5_3_, productsiz2_.created_date as created_2_5_3_, productsiz2_.name as name3_5_3_, productsiz2_.removed_flag as removed_4_5_3_, productsiz2_.updated_date as updated_5_5_3_ from product_storage productsto0_ left outer join product_color productcol1_ on productsto0_.color_id=productcol1_.id left outer join product_size productsiz2_ on productsto0_.size_id=productsiz2_.id where productsto0_.product_id=?
2020-05-19 16:39:25.574 TRACE 3440 --- [http-nio-9998-exec-6] o.h.type.descriptor.sql.BasicBinder      : binding parameter [1] as [INTEGER] - [3]
2020-05-19 16:39:25.579 DEBUG 3440 --- [http-nio-9998-exec-6] org.hibernate.SQL                        : select productima0_.product_id as product_3_4_0_, productima0_.id as id1_4_0_, productima0_.id as id1_4_1_, productima0_.name as name2_4_1_, productima0_.product_id as product_3_4_1_, productima0_.uploaded_date as uploaded4_4_1_ from product_image productima0_ where productima0_.product_id=?
2020-05-19 16:39:25.579 TRACE 3440 --- [http-nio-9998-exec-6] o.h.type.descriptor.sql.BasicBinder      : binding parameter [1] as [INTEGER] - [1]
2020-05-19 16:39:25.581 DEBUG 3440 --- [http-nio-9998-exec-7] org.hibernate.SQL                        : select count(products0_.id) as col_0_0_ from products products0_ where products0_.category_id=?
2020-05-19 16:39:25.581 DEBUG 3440 --- [http-nio-9998-exec-6] org.hibernate.SQL                        : select productima0_.product_id as product_3_4_0_, productima0_.id as id1_4_0_, productima0_.id as id1_4_1_, productima0_.name as name2_4_1_, productima0_.product_id as product_3_4_1_, productima0_.uploaded_date as uploaded4_4_1_ from product_image productima0_ where productima0_.product_id=?
2020-05-19 16:39:25.581 TRACE 3440 --- [http-nio-9998-exec-6] o.h.type.descriptor.sql.BasicBinder      : binding parameter [1] as [INTEGER] - [3]
2020-05-19 16:39:25.581 TRACE 3440 --- [http-nio-9998-exec-7] o.h.type.descriptor.sql.BasicBinder      : binding parameter [1] as [INTEGER] - [1]
2020-05-19 16:39:25.582 DEBUG 3440 --- [http-nio-9998-exec-7] org.hibernate.SQL                        : select products0_.id as id1_7_, products0_.category_id as category2_7_, products0_.created_date as created_3_7_, products0_.description as descript4_7_, products0_.name as name5_7_, products0_.removed_flag as removed_6_7_, products0_.updated_date as updated_7_7_ from products products0_ where products0_.category_id=? limit ?
2020-05-19 16:39:25.582 TRACE 3440 --- [http-nio-9998-exec-7] o.h.type.descriptor.sql.BasicBinder      : binding parameter [1] as [INTEGER] - [1]
2020-05-19 16:39:25.583 DEBUG 3440 --- [http-nio-9998-exec-7] org.hibernate.SQL                        : select categories0_.id as id1_0_0_, categories0_.created_date as created_2_0_0_, categories0_.name as name3_0_0_, categories0_.removed_flag as removed_4_0_0_, categories0_.updated_date as updated_5_0_0_ from categories categories0_ where categories0_.id=?
2020-05-19 16:39:25.583 TRACE 3440 --- [http-nio-9998-exec-7] o.h.type.descriptor.sql.BasicBinder      : binding parameter [1] as [INTEGER] - [1]
2020-05-19 16:39:25.584 DEBUG 3440 --- [http-nio-9998-exec-7] org.hibernate.SQL                        : select productsto0_.product_id as product_5_6_0_, productsto0_.id as id1_6_0_, productsto0_.id as id1_6_1_, productsto0_.color_id as color_id2_6_1_, productsto0_.discount as discount3_6_1_, productsto0_.price as price4_6_1_, productsto0_.product_id as product_5_6_1_, productsto0_.size_id as size_id7_6_1_, productsto0_.quantity as quantity6_6_1_, productsto0_.sold as sold8_6_1_, productcol1_.id as id1_3_2_, productcol1_.created_date as created_2_3_2_, productcol1_.name as name3_3_2_, productcol1_.removed_flag as removed_4_3_2_, productcol1_.updated_date as updated_5_3_2_, productsiz2_.id as id1_5_3_, productsiz2_.created_date as created_2_5_3_, productsiz2_.name as name3_5_3_, productsiz2_.removed_flag as removed_4_5_3_, productsiz2_.updated_date as updated_5_5_3_ from product_storage productsto0_ left outer join product_color productcol1_ on productsto0_.color_id=productcol1_.id left outer join product_size productsiz2_ on productsto0_.size_id=productsiz2_.id where productsto0_.product_id=?
2020-05-19 16:39:25.584 TRACE 3440 --- [http-nio-9998-exec-7] o.h.type.descriptor.sql.BasicBinder      : binding parameter [1] as [INTEGER] - [1]
2020-05-19 16:39:25.586 DEBUG 3440 --- [http-nio-9998-exec-7] org.hibernate.SQL                        : select productsto0_.product_id as product_5_6_0_, productsto0_.id as id1_6_0_, productsto0_.id as id1_6_1_, productsto0_.color_id as color_id2_6_1_, productsto0_.discount as discount3_6_1_, productsto0_.price as price4_6_1_, productsto0_.product_id as product_5_6_1_, productsto0_.size_id as size_id7_6_1_, productsto0_.quantity as quantity6_6_1_, productsto0_.sold as sold8_6_1_, productcol1_.id as id1_3_2_, productcol1_.created_date as created_2_3_2_, productcol1_.name as name3_3_2_, productcol1_.removed_flag as removed_4_3_2_, productcol1_.updated_date as updated_5_3_2_, productsiz2_.id as id1_5_3_, productsiz2_.created_date as created_2_5_3_, productsiz2_.name as name3_5_3_, productsiz2_.removed_flag as removed_4_5_3_, productsiz2_.updated_date as updated_5_5_3_ from product_storage productsto0_ left outer join product_color productcol1_ on productsto0_.color_id=productcol1_.id left outer join product_size productsiz2_ on productsto0_.size_id=productsiz2_.id where productsto0_.product_id=?
2020-05-19 16:39:25.586 TRACE 3440 --- [http-nio-9998-exec-7] o.h.type.descriptor.sql.BasicBinder      : binding parameter [1] as [INTEGER] - [3]
2020-05-19 16:39:25.590 DEBUG 3440 --- [http-nio-9998-exec-7] org.hibernate.SQL                        : select productima0_.product_id as product_3_4_0_, productima0_.id as id1_4_0_, productima0_.id as id1_4_1_, productima0_.name as name2_4_1_, productima0_.product_id as product_3_4_1_, productima0_.uploaded_date as uploaded4_4_1_ from product_image productima0_ where productima0_.product_id=?
2020-05-19 16:39:25.590 TRACE 3440 --- [http-nio-9998-exec-7] o.h.type.descriptor.sql.BasicBinder      : binding parameter [1] as [INTEGER] - [1]
2020-05-19 16:39:25.592 DEBUG 3440 --- [http-nio-9998-exec-7] org.hibernate.SQL                        : select productima0_.product_id as product_3_4_0_, productima0_.id as id1_4_0_, productima0_.id as id1_4_1_, productima0_.name as name2_4_1_, productima0_.product_id as product_3_4_1_, productima0_.uploaded_date as uploaded4_4_1_ from product_image productima0_ where productima0_.product_id=?
2020-05-19 16:39:25.593 TRACE 3440 --- [http-nio-9998-exec-7] o.h.type.descriptor.sql.BasicBinder      : binding parameter [1] as [INTEGER] - [3]
